SF:C:\Users\Khalil Hamahmi\OneDrive - sluz\Dokumente\GitHub\tanzverbot-diet\tanzverbot_diet.ts
FN:21,calcDateOnDiet
FNDA:2,calcDateOnDiet
FNF:1
FNH:1
BRDA:29,2,0,1
BRDA:29,2,1,1
BRDA:32,2,0,0
BRDA:32,2,1,2
BRDA:34,2,0,1
BRDA:34,2,1,1
BRDA:36,2,0,10
BRDA:37,2,0,0
BRDA:37,2,1,10
BRDA:38,2,0,0
BRDA:38,2,1,10
BRDA:40,2,0,1
BRDA:40,2,1,1
BRDA:47,2,0,0
BRDA:47,2,1,2
BRDA:52,2,0,1
BRDA:52,2,1,1
BRDA:55,2,0,0
BRDA:55,2,1,2
BRDA:57,2,0,1
BRDA:57,2,1,1
BRF:21
BRH:16
DA:1,1
DA:6,1
DA:7,1
DA:8,1
DA:9,1
DA:10,1
DA:11,1
DA:12,1
DA:13,1
DA:14,1
DA:15,1
DA:16,1
DA:17,1
DA:18,1
DA:19,1
DA:21,1
DA:22,1
DA:23,1
DA:24,1
DA:25,1
DA:26,1
DA:28,2
DA:29,2
DA:30,1
DA:31,1
DA:32,0
DA:33,0
DA:34,0
DA:35,1
DA:36,2
DA:37,0
DA:38,0
DA:39,10
DA:40,10
DA:41,1
DA:42,1
DA:43,1
DA:45,1
DA:47,0
DA:48,0
DA:50,0
DA:52,0
DA:53,1
DA:54,1
DA:55,0
DA:56,0
DA:57,0
DA:58,1
DA:59,2
LH:37
LF:49
end_of_record
